  application.cpp
application.obj : error LNK2019: unresolved external symbol "public: __thiscall lord::graphics::Window::Window(int,int,char const *)" (??0Window@graphics@lord@@QAE@HHPBD@Z) referenced in function "public: __thiscall lord::Application::Application(int,int,char const *)" (??0Application@lord@@QAE@HHPBD@Z)
application.obj : error LNK2019: unresolved external symbol "public: __thiscall lord::graphics::Window::~Window(void)" (??1Window@graphics@lord@@QAE@XZ) referenced in function __unwindfunclet$??0Application@lord@@QAE@HHPBD@Z$0
application.obj : error LNK2019: unresolved external symbol "public: void __thiscall lord::graphics::Window::clear(void)" (?clear@Window@graphics@lord@@QAEXXZ) referenced in function "public: void __thiscall lord::Application::run(void)" (?run@Application@lord@@QAEXXZ)
application.obj : error LNK2019: unresolved external symbol "public: void __thiscall lord::graphics::Window::update(void)" (?update@Window@graphics@lord@@QAEXXZ) referenced in function "public: void __thiscall lord::Application::run(void)" (?run@Application@lord@@QAEXXZ)
application.obj : error LNK2019: unresolved external symbol "public: __thiscall lord::graphics::Buffer::Buffer(void const *,unsigned int,class lord::graphics::VBOLayout const &)" (??0Buffer@graphics@lord@@QAE@PBXIABVVBOLayout@12@@Z) referenced in function "public: void __thiscall lord::Application::run(void)" (?run@Application@lord@@QAEXXZ)
application.obj : error LNK2019: unresolved external symbol "public: __thiscall lord::graphics::Mesh::Mesh(class lord::graphics::Buffer *,class std::vector<unsigned int,class std::allocator<unsigned int> > const &)" (??0Mesh@graphics@lord@@QAE@PAVBuffer@12@ABV?$vector@IV?$allocator@I@std@@@std@@@Z) referenced in function "public: void __thiscall lord::Application::run(void)" (?run@Application@lord@@QAEXXZ)
application.obj : error LNK2019: unresolved external symbol "public: __thiscall lord::graphics::Mesh::~Mesh(void)" (??1Mesh@graphics@lord@@QAE@XZ) referenced in function "public: void __thiscall lord::Application::run(void)" (?run@Application@lord@@QAEXXZ)
application.obj : error LNK2019: unresolved external symbol "public: __thiscall lord::math::Vec3::Vec3(float,float,float)" (??0Vec3@math@lord@@QAE@MMM@Z) referenced in function "public: void __thiscall lord::Application::run(void)" (?run@Application@lord@@QAEXXZ)
application.obj : error LNK2019: unresolved external symbol "public: class lord::math::Vec3 __thiscall lord::math::Vec3::cross(class lord::math::Vec3 const &)const " (?cross@Vec3@math@lord@@QBE?AV123@ABV123@@Z) referenced in function "public: void __thiscall lord::Application::run(void)" (?run@Application@lord@@QAEXXZ)
application.obj : error LNK2019: unresolved external symbol "public: class lord::math::Vec3 __thiscall lord::math::Vec3::operator*(float)const " (??DVec3@math@lord@@QBE?AV012@M@Z) referenced in function "public: void __thiscall lord::Application::run(void)" (?run@Application@lord@@QAEXXZ)
application.obj : error LNK2019: unresolved external symbol "public: class lord::math::Vec3 & __thiscall lord::math::Vec3::operator+=(class lord::math::Vec3 const &)" (??YVec3@math@lord@@QAEAAV012@ABV012@@Z) referenced in function "public: void __thiscall lord::Application::run(void)" (?run@Application@lord@@QAEXXZ)
application.obj : error LNK2019: unresolved external symbol "public: class lord::math::Vec3 & __thiscall lord::math::Vec3::operator-=(class lord::math::Vec3 const &)" (??ZVec3@math@lord@@QAEAAV012@ABV012@@Z) referenced in function "public: void __thiscall lord::Application::run(void)" (?run@Application@lord@@QAEXXZ)
application.obj : error LNK2019: unresolved external symbol "public: static class lord::math::Matrix4f __cdecl lord::math::Matrix4f::perspective(float,float,float,float)" (?perspective@Matrix4f@math@lord@@SA?AV123@MMMM@Z) referenced in function "public: void __thiscall lord::Application::run(void)" (?run@Application@lord@@QAEXXZ)
application.obj : error LNK2019: unresolved external symbol "public: static class lord::math::Matrix4f __cdecl lord::math::Matrix4f::translate(class lord::math::Vec3 const &)" (?translate@Matrix4f@math@lord@@SA?AV123@ABVVec3@23@@Z) referenced in function "public: void __thiscall lord::Application::run(void)" (?run@Application@lord@@QAEXXZ)
application.obj : error LNK2019: unresolved external symbol "public: static class lord::math::Matrix4f __cdecl lord::math::Matrix4f::rotation(float,class lord::math::Vec3 const &)" (?rotation@Matrix4f@math@lord@@SA?AV123@MABVVec3@23@@Z) referenced in function "public: void __thiscall lord::Application::run(void)" (?run@Application@lord@@QAEXXZ)
application.obj : error LNK2019: unresolved external symbol "public: class lord::math::Matrix4f __thiscall lord::math::Matrix4f::operator*(class lord::math::Matrix4f const &)const " (??DMatrix4f@math@lord@@QBE?AV012@ABV012@@Z) referenced in function "public: void __thiscall lord::Application::run(void)" (?run@Application@lord@@QAEXXZ)
application.obj : error LNK2019: unresolved external symbol "public: class lord::math::Vec3 __thiscall lord::math::Matrix4f::operator*(class lord::math::Vec3 const &)const " (??DMatrix4f@math@lord@@QBE?AVVec3@12@ABV312@@Z) referenced in function "public: void __thiscall lord::Application::run(void)" (?run@Application@lord@@QAEXXZ)
application.obj : error LNK2019: unresolved external symbol "public: __thiscall lord::graphics::Shader::~Shader(void)" (??1Shader@graphics@lord@@QAE@XZ) referenced in function "public: void * __thiscall lord::graphics::Shader::`scalar deleting destructor'(unsigned int)" (??_GShader@graphics@lord@@QAEPAXI@Z)
application.obj : error LNK2019: unresolved external symbol "public: void __thiscall lord::graphics::Shader::bind(void)const " (?bind@Shader@graphics@lord@@QBEXXZ) referenced in function "public: void __thiscall lord::Application::run(void)" (?run@Application@lord@@QAEXXZ)
application.obj : error LNK2019: unresolved external symbol "public: void __thiscall lord::graphics::Shader::setUniformMat4(class std::basic_string<char,struct std::char_traits<char>,class std::allocator<char> > const &,class lord::math::Matrix4f const &)" (?setUniformMat4@Shader@graphics@lord@@QAEXABV?$basic_string@DU?$char_traits@D@std@@V?$allocator@D@2@@std@@ABVMatrix4f@math@3@@Z) referenced in function "public: void __thiscall lord::Application::run(void)" (?run@Application@lord@@QAEXXZ)
application.obj : error LNK2019: unresolved external symbol "public: static class lord::graphics::Shader * __cdecl lord::graphics::Shader::loadShader(class std::basic_string<char,struct std::char_traits<char>,class std::allocator<char> > const &)" (?loadShader@Shader@graphics@lord@@SAPAV123@ABV?$basic_string@DU?$char_traits@D@std@@V?$allocator@D@2@@std@@@Z) referenced in function "public: void __thiscall lord::Application::run(void)" (?run@Application@lord@@QAEXXZ)
application.obj : error LNK2019: unresolved external symbol "public: __thiscall lord::graphics::Renderer3D::Renderer3D(void)" (??0Renderer3D@graphics@lord@@QAE@XZ) referenced in function "public: __thiscall lord::Application::Application(int,int,char const *)" (??0Application@lord@@QAE@HHPBD@Z)
application.obj : error LNK2019: unresolved external symbol "public: __thiscall lord::graphics::Layer3D::Layer3D(class lord::graphics::Shader *)" (??0Layer3D@graphics@lord@@QAE@PAVShader@12@@Z) referenced in function "public: void __thiscall lord::Application::run(void)" (?run@Application@lord@@QAEXXZ)
application.obj : error LNK2019: unresolved external symbol "public: void __thiscall lord::graphics::Layer3D::render(void)" (?render@Layer3D@graphics@lord@@QAEXXZ) referenced in function "public: void __thiscall lord::Application::run(void)" (?run@Application@lord@@QAEXXZ)
application.obj : error LNK2019: unresolved external symbol "public: __thiscall lord::game::Entity::Entity(class lord::graphics::Mesh const *,class lord::math::Vec3 const &)" (??0Entity@game@lord@@QAE@PBVMesh@graphics@2@ABVVec3@math@2@@Z) referenced in function "public: void __thiscall lord::Application::run(void)" (?run@Application@lord@@QAEXXZ)
application.obj : error LNK2019: unresolved external symbol "public: __thiscall lord::game::Game::Game(void)" (??0Game@game@lord@@QAE@XZ) referenced in function "public: __thiscall lord::Application::Application(int,int,char const *)" (??0Application@lord@@QAE@HHPBD@Z)
application.obj : error LNK2019: unresolved external symbol "public: __thiscall lord::game::Game::~Game(void)" (??1Game@game@lord@@QAE@XZ) referenced in function __unwindfunclet$??0Application@lord@@QAE@HHPBD@Z$1
application.obj : error LNK2019: unresolved external symbol "public: void __thiscall lord::game::Game::update(void)" (?update@Game@game@lord@@QAEXXZ) referenced in function "public: void __thiscall lord::Application::run(void)" (?run@Application@lord@@QAEXXZ)
application.obj : error LNK2019: unresolved external symbol "public: void __thiscall lord::game::Game::render(class lord::graphics::Layer3D *)" (?render@Game@game@lord@@QAEXPAVLayer3D@graphics@3@@Z) referenced in function "public: void __thiscall lord::Application::run(void)" (?run@Application@lord@@QAEXXZ)
application.obj : error LNK2019: unresolved external symbol "public: void __thiscall lord::game::Game::addEntity(class lord::game::Entity *)" (?addEntity@Game@game@lord@@QAEXPAVEntity@23@@Z) referenced in function "public: void __thiscall lord::Application::run(void)" (?run@Application@lord@@QAEXXZ)
application.obj : error LNK2019: unresolved external symbol "public: void __thiscall lord::input::Input::update(void)" (?update@Input@input@lord@@QAEXXZ) referenced in function "public: void __thiscall lord::Application::run(void)" (?run@Application@lord@@QAEXXZ)
application.obj : error LNK2019: unresolved external symbol "public: bool __thiscall lord::input::Input::poll(enum lord::input::Key)const " (?poll@Input@input@lord@@QBE_NW4Key@23@@Z) referenced in function "public: void __thiscall lord::Application::run(void)" (?run@Application@lord@@QAEXXZ)
application.obj : error LNK2019: unresolved external symbol "private: __thiscall lord::input::Input::Input(void)" (??0Input@input@lord@@AAE@XZ) referenced in function "public: static class lord::input::Input & __cdecl lord::input::Input::instance(void)" (?instance@Input@input@lord@@SAAAV123@XZ)
application.obj : error LNK2019: unresolved external symbol "public: void __thiscall lord::graphics::VBOLayout::push<float>(unsigned int)" (??$push@M@VBOLayout@graphics@lord@@QAEXI@Z) referenced in function "public: void __thiscall lord::Application::run(void)" (?run@Application@lord@@QAEXXZ)
SDL2main.lib(SDL_windows_main.obj) : error LNK2019: unresolved external symbol _SDL_main referenced in function _main_utf8
C:\Projects\Lord0\Debug\Lord-core.exe : fatal error LNK1120: 35 unresolved externals
